<?xml version="1.0" encoding="UTF-8"?>
<testsuite xmlns:xsi="http://www.w3.org/2001/XMLSchema-instance" xsi:noNamespaceSchemaLocation="https://maven.apache.org/surefire/maven-surefire-plugin/xsd/surefire-test-report.xsd" name="com.lists.AdicionarFilmeTest" time="5.975" tests="4" errors="0" skipped="0" failures="0">
  <properties>
[...]
</properties>
  <testcase name="testQuandoAdicionoUmFilmeSemEstarAutorizadoEntaoObtenhoStatusCode401EOsDadosDaResposta" classname="com.lists.AdicionarFilmeTest" time="1.416"/>
  <testcase name="testQuandoAdicionoUmFilmeRepetidoNaListaEntaoObtenhoStatusCode403EOsDadosDaResposta" classname="com.lists.AdicionarFilmeTest" time="1.729"/>
  <testcase name="testQuandoAdicionoUmFilmeInvalidoEntaoObtenhoStatusCode404EOsDadosDaResposta" classname="com.lists.AdicionarFilmeTest" time="1.329"/>
  <testcase name="testQuandoAdicionoUmFilmeNaListaEntaoObtenhoStatusCode201EOsDadosDaResposta" classname="com.lists.AdicionarFilmeTest" time="1.501"/>
</testsuite>