-------------------------------------------------------------------------------
Test set: com.account.BuscarListasTest
-------------------------------------------------------------------------------
Tests run: 1, Failures: 1, Errors: 0, Skipped: 0, Time elapsed: 0.116 s <<< FAILURE! - in com.account.BuscarListasTest
testQuandoBuscoAsListasEntaoObtenhoStatusCode200EOsDadosDaResposta(com.account.BuscarListasTest)  Time elapsed: 0.107 s  <<< FAILURE!
java.lang.AssertionError: 
1 expectation failed.
Expected status code <200> but was <401>.

	at com.account.BuscarListasTest.testQuandoBuscoAsListasEntaoObtenhoStatusCode200EOsDadosDaResposta(BuscarListasTest.java:26)

